<?xml version="1.0" encoding="UTF-8" ?>
<testsuite errors="2" failures="1" hostname="bleujin-PC" name="net.ion.radon.TestAradonAll" tests="27" time="1.953" timestamp="2011-04-19T08:52:40">
  <properties>
    <property name="java.runtime.name" value="Java(TM) 2 Runtime Environment, Standard Edition" />
    <property name="sun.boot.library.path" value="C:\Program Files (x86)\Java\jre1.5.0_22\bin" />
    <property name="java.vm.version" value="1.5.0_22-b03" />
    <property name="embedLib" value="../aradon_lib/aradon/embed" />
    <property name="ant.library.dir" value="D:\eclipse\plugins\org.apache.ant_1.7.1.v20090120-1145\lib" />
    <property name="ant.version" value="Apache Ant version 1.7.1 compiled on June 27 2008" />
    <property name="ant.java.version" value="1.5" />
    <property name="java.vm.vendor" value="Sun Microsystems Inc." />
    <property name="java.vendor.url" value="http://java.sun.com/" />
    <property name="path.separator" value=";" />
    <property name="java.vm.name" value="Java HotSpot(TM) Client VM" />
    <property name="file.encoding.pkg" value="sun.io" />
    <property name="user.country" value="KR" />
    <property name="sun.java.launcher" value="SUN_STANDARD" />
    <property name="sun.os.patch.level" value="" />
    <property name="java.vm.specification.name" value="Java Virtual Machine Specification" />
    <property name="user.dir" value="D:\eclipse\workspace\ARadon\alone" />
    <property name="java.runtime.version" value="1.5.0_22-b03" />
    <property name="java.awt.graphicsenv" value="sun.awt.Win32GraphicsEnvironment" />
    <property name="eclipse.pdebuild.scripts" value="/D:/eclipse/plugins/org.eclipse.pde.build_3.5.2.R35x_20100114/scripts/" />
    <property name="basedir" value="D:\eclipse\workspace\ARadon\alone" />
    <property name="java.endorsed.dirs" value="C:\Program Files (x86)\Java\jre1.5.0_22\lib\endorsed" />
    <property name="os.arch" value="x86" />
    <property name="java.io.tmpdir" value="C:\Users\bleujin\AppData\Local\Temp\" />
    <property name="ant.core.lib" value="D:\eclipse\plugins\org.apache.ant_1.7.1.v20090120-1145\lib\ant.jar" />
    <property name="line.separator" value="
" />
    <property name="java.vm.specification.vendor" value="Sun Microsystems Inc." />
    <property name="buildDir" value="../bin/" />
    <property name="user.variant" value="" />
    <property name="graphicLib" value="../resource/graphicsbuilder/lib" />
    <property name="os.name" value="Windows 7" />
    <property name="ant.home" value="D:\eclipse\plugins\org.apache.ant_1.7.1.v20090120-1145" />
    <property name="eclipse.pdebuild.templates" value="/D:/eclipse/plugins/org.eclipse.pde.build_3.5.2.R35x_20100114/templates/" />
    <property name="defaultLib" value="../aradon_lib/aradon/default" />
    <property name="ant.project.name" value="FatJar aradon(experimental)" />
    <property name="sun.jnu.encoding" value="MS949" />
    <property name="eclipse.pdebuild.home" value="/D:/eclipse/plugins/org.eclipse.pde.build_3.5.2.R35x_20100114/./" />
    <property name="java.library.path" value="C:\Program Files (x86)\Java\jre1.5.0_22\bin;.;C:\Windows\system32;C:\Windows;C:/Program Files (x86)/Java/jre6/bin/client;C:/Program Files (x86)/Java/jre6/bin;C:\WORKGROUP\php\;c:\oracle\product\10.2.0\client\bin;C:\Windows\system32;C:\Windows;C:\Windows\System32\Wbem;C:\Windows\System32\WindowsPowerShell\v1.0\;C:\Program Files\TortoiseSVN\bin;C:\Program Files (x86)\QuickTime\QTSystem\;C:\WORKGROUP\APM_Setup\Server\Apache\bin;C:\WORKGROUP\APM_Setup\Server\MySQL5\bin;C:\WORKGROUP\APM_Setup\Server\PHP5;C:\Program Files (x86)\Git\cmd;D:\java\jdk5_22\bin;C:\Program Files (x86)\CVSNT\;C:\Users\bleujin\javatemp\apache-ant-1.8.1/bin;" />
    <property name="java.specification.name" value="Java Platform API Specification" />
    <property name="java.class.version" value="49.0" />
    <property name="sun.management.compiler" value="HotSpot Client Compiler" />
    <property name="os.version" value="6.1" />
    <property name="ant.file" value="D:\eclipse\workspace\ARadon\alone\build_alone.xml" />
    <property name="user.home" value="C:\Users\bleujin" />
    <property name="user.timezone" value="" />
    <property name="java.awt.printerjob" value="sun.awt.windows.WPrinterJob" />
    <property name="java.specification.version" value="1.5" />
    <property name="file.encoding" value="MS949" />
    <property name="user.name" value="bleujin" />
    <property name="java.class.path" value="D:\eclipse\workspace\ARadon\aradon_lib\imsi\junit.jar;D:\eclipse\workspace\ARadon\bin;D:\eclipse\workspace\ARadon\aradon_lib\aradon\embed\apache_extend_fat.jar;D:\eclipse\workspace\ARadon\aradon_lib\aradon\embed\core_fat.jar;D:\eclipse\workspace\ARadon\aradon_lib\aradon\embed\groovy-all-1.7.6.jar;D:\eclipse\workspace\ARadon\aradon_lib\aradon\embed\iframework_2.2.jar;D:\eclipse\workspace\ARadon\aradon_lib\aradon\embed\jci_fat.jar;D:\eclipse\workspace\ARadon\aradon_lib\aradon\embed\jetty_fat.jar;D:\eclipse\workspace\ARadon\aradon_lib\aradon\embed\org.apache.felix.karaf.shell.console-1.4.0.jar;D:\eclipse\workspace\ARadon\aradon_lib\aradon\embed\rest_fat.jar;D:\eclipse\workspace\ARadon\alone;C:\Program Files (x86)\Java\jre6\lib\ext\QTJava.zip;D:\eclipse\plugins\org.apache.ant_1.7.1.v20090120-1145\lib\ant-launcher.jar;D:\eclipse\plugins\org.apache.ant_1.7.1.v20090120-1145\lib\ant.jar;D:\eclipse\plugins\org.apache.ant_1.7.1.v20090120-1145\lib\ant-junit.jar" />
    <property name="extendLib" value="../aradon_lib/aradon/extend" />
    <property name="ant.file.FatJar aradon(experimental)" value="D:\eclipse\workspace\ARadon\alone\build_alone.xml" />
    <property name="java.vm.specification.version" value="1.0" />
    <property name="java.home" value="C:\Program Files (x86)\Java\jre1.5.0_22" />
    <property name="sun.arch.data.model" value="32" />
    <property name="java.specification.vendor" value="Sun Microsystems Inc." />
    <property name="user.language" value="ko" />
    <property name="awt.toolkit" value="sun.awt.windows.WToolkit" />
    <property name="java.vm.info" value="mixed mode, sharing" />
    <property name="java.version" value="1.5.0_22" />
    <property name="java.ext.dirs" value="C:\Program Files (x86)\Java\jre1.5.0_22\lib\ext" />
    <property name="sun.boot.class.path" value="C:\Program Files (x86)\Java\jre1.5.0_22\lib\rt.jar;C:\Program Files (x86)\Java\jre1.5.0_22\lib\i18n.jar;C:\Program Files (x86)\Java\jre1.5.0_22\lib\sunrsasign.jar;C:\Program Files (x86)\Java\jre1.5.0_22\lib\jsse.jar;C:\Program Files (x86)\Java\jre1.5.0_22\lib\jce.jar;C:\Program Files (x86)\Java\jre1.5.0_22\lib\charsets.jar;C:\Program Files (x86)\Java\jre1.5.0_22\classes" />
    <property name="java.vendor" value="Sun Microsystems Inc." />
    <property name="file.separator" value="\" />
    <property name="java.vendor.url.bug" value="http://java.sun.com/cgi-bin/bugreport.cgi" />
    <property name="sun.cpu.endian" value="little" />
    <property name="sun.io.unicode.encoding" value="UnicodeLittle" />
    <property name="baseDir" value="." />
    <property name="sun.desktop" value="windows" />
    <property name="sun.cpu.isalist" value="pentium_pro+mmx pentium_pro pentium+mmx pentium i486 i386 i86" />
  </properties>
  <testcase classname="net.ion.radon.core.TestPlugin" name="testLoad" time="0.349">
    <error message="not found section : plugin" type="java.lang.IllegalArgumentException">java.lang.IllegalArgumentException: not found section : plugin
	at net.ion.radon.core.Aradon.getChildService(Aradon.java:418)
	at net.ion.radon.core.TestPlugin.testLoad(TestPlugin.java:16)
</error>
  </testcase>
  <testcase classname="net.ion.radon.core.config.TestConfigFile" name="testCreateFilter" time="0.028" />
  <testcase classname="net.ion.radon.core.config.TestConfigFile" name="testFindAttribute" time="0.01" />
  <testcase classname="net.ion.radon.core.config.TestConfigFile" name="testGetChild" time="0.013" />
  <testcase classname="net.ion.radon.core.config.TestContextAttribute" name="testAradonContext" time="0.08" />
  <testcase classname="net.ion.radon.core.config.TestContextAttribute" name="testSectionContext" time="0.033" />
  <testcase classname="net.ion.radon.core.config.TestContextAttribute" name="testRootContext" time="0.093" />
  <testcase classname="net.ion.radon.core.config.TestContextAttribute" name="testRootContext2" time="0.088" />
  <testcase classname="net.ion.radon.core.config.TestContextAttribute" name="testHttpClient" time="0.0010" />
  <testcase classname="net.ion.radon.TestARadonMethod" name="testReload" time="0.059" />
  <testcase classname="net.ion.radon.TestARadonMethod" name="testDetach" time="0.034" />
  <testcase classname="net.ion.radon.TestARadonMethod" name="testSectionDetach" time="0.032" />
  <testcase classname="net.ion.radon.TestARadonMethod" name="testGetName" time="0.063" />
  <testcase classname="net.ion.radon.TestARadonMethod" name="testGetPath" time="0.04" />
  <testcase classname="net.ion.radon.TestARadonMethod" name="testLoggerService" time="0.032" />
  <testcase classname="net.ion.radon.core.filter.TestAdvanseFilter" name="testPathRevokeFilter" time="0.029" />
  <testcase classname="net.ion.radon.core.filter.TestAdvanseFilter" name="testSectionRevokeFilter" time="0.026" />
  <testcase classname="net.ion.radon.core.filter.TestAdvanseFilter" name="testOrderFilter" time="0.032" />
  <testcase classname="net.ion.radon.core.filter.TestAdvanseFilter" name="testOrderFilter2" time="0.029" />
  <testcase classname="net.ion.radon.core.filter.TestAdvanseFilter" name="testSkipFilter" time="0.079" />
  <testcase classname="net.ion.radon.core.filter.TestAdvanseFilter" name="testSkipFilter2" time="0.033" />
  <testcase classname="net.ion.radon.core.filter.TestFilter" name="testPathFilter" time="0.084" />
  <testcase classname="net.ion.radon.core.filter.TestFilter" name="testSectionFilter" time="0.037" />
  <testcase classname="net.ion.radon.core.filter.TestFilter" name="testApplicationFilter" time="0.023" />
  <testcase classname="net.ion.radon.core.filter.TestFilter" name="testInit" time="0.028" />
  <testcase classname="net.ion.radon.groovy.TestGroovyFilter" name="testObjectRun" time="0.04">
    <error message="D:\eclipse\workspace\ARadon\alone\groovy-test\groovy\ObjectFilter.groovy (D:\eclipse\workspace\ARadon\alone\groovy-test\groovy\ObjectFilter.groovy)" type="java.io.FileNotFoundException">java.io.FileNotFoundException: D:\eclipse\workspace\ARadon\alone\groovy-test\groovy\ObjectFilter.groovy (D:\eclipse\workspace\ARadon\alone\groovy-test\groovy\ObjectFilter.groovy)
	at groovy.lang.GroovyCodeSource.&lt;init&gt;(GroovyCodeSource.java:127)
	at groovy.lang.GroovyClassLoader.parseClass(GroovyClassLoader.java:197)
	at net.ion.radon.impl.filter.GroovyFilter.create(GroovyFilter.java:33)
	at net.ion.radon.groovy.TestGroovyFilter.testObjectRun(TestGroovyFilter.java:37)
</error>
  </testcase>
  <testcase classname="net.ion.radon.groovy.TestGroovyFilter" name="testScriptRun" time="0.448">
    <failure message="expected:&lt;200&gt; but was:&lt;500&gt;" type="junit.framework.AssertionFailedError">junit.framework.AssertionFailedError: expected:&lt;200&gt; but was:&lt;500&gt;
	at net.ion.radon.groovy.TestGroovyFilter.testScriptRun(TestGroovyFilter.java:61)
</failure>
  </testcase>
  <system-out><![CDATA[]]></system-out>
  <system-err><![CDATA[log4j:WARN No appenders could be found for logger (org.apache.commons.configuration.ConfigurationUtils).
log4j:WARN Please initialize the log4j system properly.
log4j:WARN See http://logging.apache.org/log4j/1.2/faq.html#noconfig for more info.
not found source-file : ScriptFilter.groovy
2011. 4. 19 오후 5:52:41 net.ion.radon.core.let.FilterUtil makeFilter
경고: not found source-file : ScriptFilter.groovy
2011. 4. 19 오후 5:52:41 net.ion.radon.core.let.FilterUtil makeFilter
경고: not found source-file : ScriptFilter.groovy
2011. 4. 19 오후 5:52:41 net.ion.radon.core.let.FilterUtil makeFilter
경고: not found source-file : ScriptFilter.groovy
2011. 4. 19 오후 5:52:41 net.ion.radon.core.let.FilterUtil makeFilter
경고: not found source-file : ScriptFilter.groovy
2011. 4. 19 오후 5:52:41 net.ion.radon.core.let.FilterUtil makeFilter
경고: not found source-file : ScriptFilter.groovy
Not Found (404) - section:another, path:/test
	at net.ion.radon.core.RouterSection.handle(RouterSection.java:99)
	at org.restlet.routing.Filter.doHandle(Filter.java:156)
	at org.restlet.routing.Filter.handle(Filter.java:203)
	at org.restlet.routing.Router.doHandle(Router.java:440)
	at org.restlet.routing.Router.handle(Router.java:666)
	at org.restlet.engine.component.ComponentClientDispatcher.doHandle(ComponentClientDispatcher.java:83)
	at org.restlet.engine.TemplateDispatcher.handle(TemplateDispatcher.java:35)
	at org.restlet.engine.component.ChildClientDispatcher.parentHandle(ChildClientDispatcher.java:139)
	at org.restlet.engine.component.ChildClientDispatcher.doHandle(ChildClientDispatcher.java:91)
	at org.restlet.engine.TemplateDispatcher.handle(TemplateDispatcher.java:35)
	at org.restlet.engine.component.ChildClientDispatcher.parentHandle(ChildClientDispatcher.java:139)
	at org.restlet.engine.component.ChildClientDispatcher.doHandle(ChildClientDispatcher.java:91)
	at org.restlet.engine.TemplateDispatcher.handle(TemplateDispatcher.java:35)
	at net.ion.radon.core.Aradon.handle(Aradon.java:235)
	at net.ion.radon.core.Aradon.handle(Aradon.java:221)
	at net.ion.radon.TestARadonMethod.testReload(TestARadonMethod.java:24)
	at sun.reflect.NativeMethodAccessorImpl.invoke0(Native Method)
	at sun.reflect.NativeMethodAccessorImpl.invoke(Unknown Source)
	at sun.reflect.DelegatingMethodAccessorImpl.invoke(Unknown Source)
	at java.lang.reflect.Method.invoke(Unknown Source)
	at junit.framework.TestCase.runTest(TestCase.java:164)
	at junit.framework.TestCase.runBare(TestCase.java:130)
	at junit.framework.TestResult$1.protect(TestResult.java:106)
	at junit.framework.TestResult.runProtected(TestResult.java:124)
	at junit.framework.TestResult.run(TestResult.java:109)
	at junit.framework.TestCase.run(TestCase.java:120)
	at junit.framework.TestSuite.runTest(TestSuite.java:230)
	at junit.framework.TestSuite.run(TestSuite.java:225)
	at junit.framework.TestSuite.runTest(TestSuite.java:230)
	at junit.framework.TestSuite.run(TestSuite.java:225)
	at junit.framework.TestSuite.runTest(TestSuite.java:230)
	at junit.framework.TestSuite.run(TestSuite.java:225)
	at org.apache.tools.ant.taskdefs.optional.junit.JUnitTestRunner.run(JUnitTestRunner.java:420)
	at org.apache.tools.ant.taskdefs.optional.junit.JUnitTestRunner.launch(JUnitTestRunner.java:911)
	at org.apache.tools.ant.taskdefs.optional.junit.JUnitTestRunner.main(JUnitTestRunner.java:768)
2011. 4. 19 오후 5:52:41 net.ion.radon.core.Aradon handle
경고: Not Found
2011. 4. 19 오후 5:52:41 net.ion.radon.core.let.FilterUtil makeFilter
경고: not found source-file : ScriptFilter.groovy
2011. 4. 19 오후 5:52:41 net.ion.radon.core.Aradon detach
경고: another section detattached..
2011. 4. 19 오후 5:52:41 net.ion.radon.core.let.FilterUtil makeFilter
경고: not found source-file : ScriptFilter.groovy
2011. 4. 19 오후 5:52:41 net.ion.radon.core.RouterSection detach
경고: hello path detattached..
Not Found (404) - section:another, path:/hello
	at net.ion.radon.core.RouterSection.handle(RouterSection.java:99)
	at org.restlet.routing.Filter.doHandle(Filter.java:156)
	at org.restlet.routing.Filter.handle(Filter.java:203)
	at org.restlet.routing.Router.doHandle(Router.java:440)
	at org.restlet.routing.Router.handle(Router.java:666)
	at org.restlet.engine.component.ComponentClientDispatcher.doHandle(ComponentClientDispatcher.java:83)
	at org.restlet.engine.TemplateDispatcher.handle(TemplateDispatcher.java:35)
	at org.restlet.engine.component.ChildClientDispatcher.parentHandle(ChildClientDispatcher.java:139)
	at org.restlet.engine.component.ChildClientDispatcher.doHandle(ChildClientDispatcher.java:91)
	at org.restlet.engine.TemplateDispatcher.handle(TemplateDispatcher.java:35)
	at org.restlet.engine.component.ChildClientDispatcher.parentHandle(ChildClientDispatcher.java:139)
	at org.restlet.engine.component.ChildClientDispatcher.doHandle(ChildClientDispatcher.java:91)
	at org.restlet.engine.TemplateDispatcher.handle(TemplateDispatcher.java:35)
	at net.ion.radon.core.Aradon.handle(Aradon.java:235)
	at net.ion.radon.TestARadonMethod.testSectionDetach(TestARadonMethod.java:67)
	at sun.reflect.NativeMethodAccessorImpl.invoke0(Native Method)
	at sun.reflect.NativeMethodAccessorImpl.invoke(Unknown Source)
	at sun.reflect.DelegatingMethodAccessorImpl.invoke(Unknown Source)
	at java.lang.reflect.Method.invoke(Unknown Source)
	at junit.framework.TestCase.runTest(TestCase.java:164)
	at junit.framework.TestCase.runBare(TestCase.java:130)
	at junit.framework.TestResult$1.protect(TestResult.java:106)
	at junit.framework.TestResult.runProtected(TestResult.java:124)
	at junit.framework.TestResult.run(TestResult.java:109)
	at junit.framework.TestCase.run(TestCase.java:120)
	at junit.framework.TestSuite.runTest(TestSuite.java:230)
	at junit.framework.TestSuite.run(TestSuite.java:225)
	at junit.framework.TestSuite.runTest(TestSuite.java:230)
	at junit.framework.TestSuite.run(TestSuite.java:225)
	at junit.framework.TestSuite.runTest(TestSuite.java:230)
	at junit.framework.TestSuite.run(TestSuite.java:225)
	at org.apache.tools.ant.taskdefs.optional.junit.JUnitTestRunner.run(JUnitTestRunner.java:420)
	at org.apache.tools.ant.taskdefs.optional.junit.JUnitTestRunner.launch(JUnitTestRunner.java:911)
	at org.apache.tools.ant.taskdefs.optional.junit.JUnitTestRunner.main(JUnitTestRunner.java:768)
2011. 4. 19 오후 5:52:41 net.ion.radon.core.Aradon handle
경고: Not Found
2011. 4. 19 오후 5:52:41 net.ion.radon.core.let.FilterUtil makeFilter
경고: not found source-file : ScriptFilter.groovy
2011. 4. 19 오후 5:52:41 net.ion.radon.core.let.FilterUtil makeFilter
경고: not found source-file : ScriptFilter.groovy
2011. 4. 19 오후 5:52:41 net.ion.radon.core.let.FilterUtil makeFilter
경고: not found source-file : ScriptFilter.groovy
2011. 4. 19 오후 5:52:41 net.ion.radon.core.let.FilterUtil makeFilter
경고: not found source-file : ScriptFilter.groovy
2011. 4. 19 오후 5:52:41 net.ion.radon.core.let.FilterUtil makeFilter
경고: not found source-file : ScriptFilter.groovy
2011. 4. 19 오후 5:52:41 net.ion.radon.core.let.FilterUtil makeFilter
경고: not found source-file : ScriptFilter.groovy
2011. 4. 19 오후 5:52:41 net.ion.radon.core.let.FilterUtil makeFilter
경고: not found source-file : ScriptFilter.groovy
2011. 4. 19 오후 5:52:41 net.ion.radon.core.let.FilterUtil makeFilter
경고: not found source-file : ScriptFilter.groovy
2011. 4. 19 오후 5:52:41 net.ion.radon.core.let.FilterUtil makeFilter
경고: not found source-file : ScriptFilter.groovy
2011. 4. 19 오후 5:52:41 net.ion.radon.core.let.FilterUtil makeFilter
경고: not found source-file : ScriptFilter.groovy
2011. 4. 19 오후 5:52:41 net.ion.radon.core.let.FilterUtil makeFilter
경고: not found source-file : ScriptFilter.groovy
2011. 4. 19 오후 5:52:42 net.ion.radon.core.let.FilterUtil makeFilter
경고: not found source-file : ScriptFilter.groovy
2011. 4. 19 오후 5:52:42 net.ion.radon.core.let.FilterUtil makeFilter
경고: not found source-file : ScriptFilter.groovy
2011. 4. 19 오후 5:52:42 net.ion.radon.core.let.FilterUtil makeFilter
경고: not found source-file : ScriptFilter.groovy
2011. 4. 19 오후 5:52:42 net.ion.radon.core.let.FilterUtil makeFilter
경고: not found source-file : ScriptFilter.groovy
2011-04-19 17:52:42.170:INFO::jetty-7.x.y-SNAPSHOT
2011-04-19 17:52:42.252:INFO::Started SelectChannelConnector@0.0.0.0:8090
2011. 4. 19 오후 5:52:42 net.ion.radon.core.NotificationSection startServer
경고: test server started
2011. 4. 19 오후 5:52:42 org.restlet.resource.ServerResource doCatch
경고: Exception or error caught in server resource
Internal Server Error (500) - The server encountered an unexpected condition which prevented it from fulfilling the request
	at net.ion.radon.impl.filter.GroovyScriptFilter.execute(GroovyScriptFilter.java:61)
	at net.ion.radon.impl.filter.GroovyScriptFilter.afterHandle(GroovyScriptFilter.java:42)
	at net.ion.radon.core.let.FilterEntry.afterHandle(FilterUtil.java:163)
	at net.ion.radon.core.let.FilterUtil.handleAfterFilter(FilterUtil.java:72)
	at net.ion.radon.core.let.AbstractLet.doHandle(AbstractLet.java:90)
	at org.restlet.resource.ServerResource.handle(ServerResource.java:898)
	at org.restlet.resource.Finder.handle(Finder.java:244)
	at org.restlet.routing.Filter.doHandle(Filter.java:156)
	at org.restlet.routing.Filter.handle(Filter.java:203)
	at org.restlet.routing.Router.doHandle(Router.java:440)
	at org.restlet.routing.Router.handle(Router.java:666)
	at org.restlet.routing.Filter.doHandle(Filter.java:156)
	at org.restlet.routing.Filter.handle(Filter.java:203)
	at org.restlet.routing.Filter.doHandle(Filter.java:156)
	at org.restlet.routing.Filter.handle(Filter.java:203)
	at org.restlet.routing.Filter.doHandle(Filter.java:156)
	at org.restlet.engine.application.StatusFilter.doHandle(StatusFilter.java:151)
	at org.restlet.routing.Filter.handle(Filter.java:203)
	at org.restlet.routing.Filter.doHandle(Filter.java:156)
	at org.restlet.routing.Filter.handle(Filter.java:203)
	at org.restlet.engine.CompositeHelper.handle(CompositeHelper.java:158)
	at org.restlet.engine.application.ApplicationHelper.handle(ApplicationHelper.java:73)
	at org.restlet.Application.handle(Application.java:381)
	at net.ion.radon.core.NotificationSection.handle(NotificationSection.java:155)
	at org.restlet.routing.Filter.doHandle(Filter.java:156)
	at org.restlet.routing.Filter.handle(Filter.java:203)
	at org.restlet.routing.Router.doHandle(Router.java:440)
	at org.restlet.routing.Router.handle(Router.java:666)
	at org.restlet.engine.component.ComponentClientDispatcher.doHandle(ComponentClientDispatcher.java:83)
	at org.restlet.engine.TemplateDispatcher.handle(TemplateDispatcher.java:35)
	at org.restlet.engine.component.ChildClientDispatcher.parentHandle(ChildClientDispatcher.java:139)
	at org.restlet.engine.component.ChildClientDispatcher.doHandle(ChildClientDispatcher.java:91)
	at org.restlet.engine.TemplateDispatcher.handle(TemplateDispatcher.java:35)
	at org.restlet.engine.component.ChildClientDispatcher.parentHandle(ChildClientDispatcher.java:139)
	at org.restlet.engine.component.ChildClientDispatcher.doHandle(ChildClientDispatcher.java:91)
	at org.restlet.engine.TemplateDispatcher.handle(TemplateDispatcher.java:35)
	at net.ion.radon.core.Aradon.handle(Aradon.java:235)
	at net.ion.radon.core.Aradon.handle(Aradon.java:221)
	at net.ion.radon.groovy.TestGroovyFilter.testScriptRun(TestGroovyFilter.java:59)
	at sun.reflect.NativeMethodAccessorImpl.invoke0(Native Method)
	at sun.reflect.NativeMethodAccessorImpl.invoke(Unknown Source)
	at sun.reflect.DelegatingMethodAccessorImpl.invoke(Unknown Source)
	at java.lang.reflect.Method.invoke(Unknown Source)
	at junit.framework.TestCase.runTest(TestCase.java:164)
	at junit.framework.TestCase.runBare(TestCase.java:130)
	at junit.framework.TestResult$1.protect(TestResult.java:106)
	at junit.framework.TestResult.runProtected(TestResult.java:124)
	at junit.framework.TestResult.run(TestResult.java:109)
	at junit.framework.TestCase.run(TestCase.java:120)
	at junit.framework.TestSuite.runTest(TestSuite.java:230)
	at junit.framework.TestSuite.run(TestSuite.java:225)
	at junit.framework.TestSuite.runTest(TestSuite.java:230)
	at junit.framework.TestSuite.run(TestSuite.java:225)
	at junit.framework.TestSuite.runTest(TestSuite.java:230)
	at junit.framework.TestSuite.run(TestSuite.java:225)
	at junit.framework.TestSuite.runTest(TestSuite.java:230)
	at junit.framework.TestSuite.run(TestSuite.java:225)
	at org.apache.tools.ant.taskdefs.optional.junit.JUnitTestRunner.run(JUnitTestRunner.java:420)
	at org.apache.tools.ant.taskdefs.optional.junit.JUnitTestRunner.launch(JUnitTestRunner.java:911)
	at org.apache.tools.ant.taskdefs.optional.junit.JUnitTestRunner.main(JUnitTestRunner.java:768)
Caused by: groovy.util.ResourceException: Cannot open URL: file:/D:/eclipse/workspace/ARadon/alone/groovy-test/ScriptFilter.groovy
	at groovy.util.GroovyScriptEngine.getResourceConnection(GroovyScriptEngine.java:305)
	at groovy.util.GroovyScriptEngine.loadScriptByName(GroovyScriptEngine.java:450)
	at groovy.util.GroovyScriptEngine.createScript(GroovyScriptEngine.java:528)
	at net.ion.radon.impl.filter.GroovyScriptFilter.execute(GroovyScriptFilter.java:56)
	... 59 more
]]></system-err>
</testsuite>
